Caught exception java.lang.ArrayIndexOutOfBoundsException in method SimpleTest.throwIndexOutOfBoundsException()
Exception in thread "main" java.lang.ArrayIndexOutOfBoundsException: 42
	at SimpleTest.throwIndexOutOfBoundsException(SimpleTest.java:24) [file:@CMAKE_BINARY_DIR@/test/SimpleTest.class]
	at SimpleTest.catchIndexOutOfBoundsException(SimpleTest.java:47) [file:@CMAKE_BINARY_DIR@/test/SimpleTest.class]
	at SimpleTest.throwAndCatchAllExceptions(SimpleTest.java:61) [file:@CMAKE_BINARY_DIR@/test/SimpleTest.class]
	at InnerExceptions.run(InnerExceptions.java:11) [file:@CMAKE_BINARY_DIR@/test/InnerExceptions.class]
	at InnerExceptions.main(InnerExceptions.java:28) [file:@CMAKE_BINARY_DIR@/test/InnerExceptions.class]
executable: @CMAKE_BINARY_DIR@/test/InnerExceptions.class
Uncaught exception java.lang.RuntimeException in method InnerExceptions.run()
Exception in thread "main" java.lang.RuntimeException: java.lang.NullPointerException
	at InnerExceptions.run(InnerExceptions.java:17) [file:@CMAKE_BINARY_DIR@/test/InnerExceptions.class]
	at InnerExceptions.main(InnerExceptions.java:28) [file:@CMAKE_BINARY_DIR@/test/InnerExceptions.class]
Caused by: java.lang.NullPointerException
	at SimpleTest.throwNullPointerException(SimpleTest.java:36) [file:@CMAKE_BINARY_DIR@/test/SimpleTest.class]
	at SimpleTest.throwAndDontCatchException(SimpleTest.java:71) [file:@CMAKE_BINARY_DIR@/test/SimpleTest.class]
	at InnerExceptions.run(InnerExceptions.java:13) [file:@CMAKE_BINARY_DIR@/test/InnerExceptions.class]
	at InnerExceptions.main(InnerExceptions.java:28) [file:@CMAKE_BINARY_DIR@/test/InnerExceptions.class]
executable: @CMAKE_BINARY_DIR@/test/InnerExceptions.class
